#
# There is insufficient memory for the Java Runtime Environment to continue.
# Native memory allocation (malloc) failed to allocate 1145456 bytes for Chunk::new
# Possible reasons:
#   The system is out of physical RAM or swap space
#   In 32 bit mode, the process size limit was hit
# Possible solutions:
#   Reduce memory load on the system
#   Increase physical memory or swap space
#   Check if swap backing store is full
#   Use 64 bit Java on a 64 bit OS
#   Decrease Java heap size (-Xmx/-Xms)
#   Decrease number of Java threads
#   Decrease Java thread stack sizes (-Xss)
#   Set larger code cache with -XX:ReservedCodeCacheSize=
# This output file may be truncated or incomplete.
#
#  Out of Memory Error (allocation.cpp:390), pid=14196, tid=0x00000000000037f0
#
# JRE version: OpenJDK Runtime Environment (8.0_152-b02) (build 1.8.0_152-release-1024-b02)
# Java VM: OpenJDK 64-Bit Server VM (25.152-b02 mixed mode windows-amd64 compressed oops)
# Failed to write core dump. Minidumps are not enabled by default on client versions of Windows
#

---------------  T H R E A D  ---------------

Current thread (0x0000000015fb8800):  JavaThread "C2 CompilerThread0" daemon [_thread_in_native, id=14320, stack(0x0000000017600000,0x0000000017700000)]

Stack: [0x0000000017600000,0x0000000017700000]
[error occurred during error reporting (printing stack bounds), id 0xc0000005]

Native frames: (J=compiled Java code, j=interpreted, Vv=VM code, C=native code)


Current CompileTask:
C2:3981447 25708       4       com.android.ide.common.res2.DataSet::appendToXml (374 bytes)


---------------  P R O C E S S  ---------------

Java Threads: ( => current thread )
  0x00000000196b8800 JavaThread "pool-200-thread-1" [_thread_blocked, id=15476, stack(0x000000007a2e0000,0x000000007a3e0000)]
  0x0000000023b41800 JavaThread "queued-resource-processor_217" daemon [_thread_blocked, id=17520, stack(0x00000000796e0000,0x00000000797e0000)]
  0x00000000196ae000 JavaThread "Task worker for ':' Thread 3" [_thread_blocked, id=388, stack(0x00000000788e0000,0x00000000789e0000)]
  0x00000000196ad000 JavaThread "Task worker for ':' Thread 2" [_thread_blocked, id=6632, stack(0x00000000787e0000,0x00000000788e0000)]
  0x00000000196b3000 JavaThread "Task worker for ':'" [_thread_blocked, id=17748, stack(0x00000000786e0000,0x00000000787e0000)]
  0x00000000196b2800 JavaThread "Cache worker for Build Output Cleanup Cache (C:\Users\USER\AndroidStudioProjects\Tests\.gradle\buildOutputCleanup)" [_thread_blocked, id=17980, stack(0x00000000785e0000,0x00000000786e0000)]
  0x00000000196b4000 JavaThread "Cache worker for task history cache (C:\Users\USER\AndroidStudioProjects\Tests\.gradle\4.4\taskHistory)" [_thread_blocked, id=6648, stack(0x00000000784e0000,0x00000000785e0000)]
  0x000000001d939000 JavaThread "Cache worker for file content cache (C:\Users\USER\AndroidStudioProjects\Tests\.gradle\4.4\fileContent)" [_thread_blocked, id=15436, stack(0x00000000783e0000,0x00000000784e0000)]
  0x000000001d93c000 JavaThread "build operations Thread 4" [_thread_blocked, id=10928, stack(0x00000000782e0000,0x00000000783e0000)]
  0x000000001d93f000 JavaThread "build operations Thread 3" [_thread_blocked, id=16708, stack(0x00000000781e0000,0x00000000782e0000)]
  0x000000001d93e800 JavaThread "build operations Thread 2" [_thread_blocked, id=14032, stack(0x00000000780e0000,0x00000000781e0000)]
  0x000000001d93b800 JavaThread "build operations" [_thread_blocked, id=5392, stack(0x0000000077fe0000,0x00000000780e0000)]
  0x000000001d938800 JavaThread "Cache worker for Artifact transforms cache (C:\Users\USER\.gradle\caches\transforms-1)" [_thread_blocked, id=16700, stack(0x0000000077ee0000,0x0000000077fe0000)]
  0x000000001d93a800 JavaThread "Cache worker for file hash cache (C:\Users\USER\AndroidStudioProjects\Tests\.gradle\4.4\fileHashes)" [_thread_blocked, id=15684, stack(0x0000000077de0000,0x0000000077ee0000)]
  0x000000001d93d800 JavaThread "Stdin handler" [_thread_blocked, id=16628, stack(0x0000000077ce0000,0x0000000077de0000)]
  0x000000001d933000 JavaThread "Asynchronous log dispatcher for DefaultDaemonConnection: socket connection from /127.0.0.1:5871 to /127.0.0.1:11418" [_thread_blocked, id=4576, stack(0x0000000077be0000,0x0000000077ce0000)]
  0x000000001d937000 JavaThread "Daemon worker Thread 12" [_thread_blocked, id=17088, stack(0x0000000077ae0000,0x0000000077be0000)]
  0x000000001d936000 JavaThread "Cancel handler" [_thread_blocked, id=11704, stack(0x00000000779e0000,0x0000000077ae0000)]
  0x000000001d931000 JavaThread "Handler for socket connection from /127.0.0.1:5871 to /127.0.0.1:11418" [_thread_in_native, id=16584, stack(0x00000000778e0000,0x00000000779e0000)]
  0x000000001d935800 JavaThread "Daemon Thread 12" [_thread_blocked, id=13012, stack(0x00000000777e0000,0x00000000778e0000)]
  0x000000001c863800 JavaThread "Memory manager" [_thread_blocked, id=18204, stack(0x00000000204c0000,0x00000000205c0000)]
  0x000000001c85f000 JavaThread "pool-1-thread-1" [_thread_blocked, id=17952, stack(0x00000000201c0000,0x00000000202c0000)]
  0x0000000019101800 JavaThread "File lock request listener" [_thread_in_native, id=1988, stack(0x000000001aa50000,0x000000001ab50000)]
  0x0000000018d07800 JavaThread "Cache worker for file hash cache (C:\Users\USER\.gradle\caches\4.4\fileHashes)" [_thread_blocked, id=15220, stack(0x000000001a950000,0x000000001aa50000)]
  0x0000000018f65800 JavaThread "Daemon periodic checks" [_thread_blocked, id=17792, stack(0x0000000019e50000,0x0000000019f50000)]
  0x0000000018f64800 JavaThread "Incoming local TCP Connector on port 5871" [_thread_in_native, id=13692, stack(0x0000000019c10000,0x0000000019d10000)]
  0x000000001600e800 JavaThread "Service Thread" daemon [_thread_blocked, id=9552, stack(0x0000000017d00000,0x0000000017e00000)]
  0x0000000015fbd000 JavaThread "C1 CompilerThread2" daemon [_thread_blocked, id=15356, stack(0x0000000017800000,0x0000000017900000)]
  0x0000000015fae800 JavaThread "C2 CompilerThread1" daemon [_thread_blocked, id=13180, stack(0x0000000017700000,0x0000000017800000)]
=>0x0000000015fb8800 JavaThread "C2 CompilerThread0" daemon [_thread_in_native, id=14320, stack(0x0000000017600000,0x0000000017700000)]
  0x0000000015fb7000 JavaThread "Attach Listener" daemon [_thread_blocked, id=2888, stack(0x0000000017500000,0x0000000017600000)]
  0x0000000015fb5800 JavaThread "Signal Dispatcher" daemon [_thread_blocked, id=18160, stack(0x0000000017400000,0x0000000017500000)]
  0x000000000263c800 JavaThread "Finalizer" daemon [_thread_blocked, id=6100, stack(0x0000000017210000,0x0000000017310000)]
  0x0000000002632000 JavaThread "Reference Handler" daemon [_thread_blocked, id=5036, stack(0x0000000017110000,0x0000000017210000)]
  0x0000000000a9e800 JavaThread "main" [_thread_blocked, id=17964, stack(0x0000000002360000,0x0000000002460000)]

Other Threads:
  0x0000000015f76800 VMThread [stack: 0x0000000017010000,0x0000000017110000] [id=12532]
  0x000000001792a800 WatcherThread [stack: 0x0000000017e00000,0x0000000017f00000] [id=6024]

VM state:not at safepoint (normal execution)

VM Mutex/Monitor currently owned by a thread: None

Heap:
 PSYoungGen      total 391168K, used 78784K [0x00000000e0000000, 0x00000000f9e80000, 0x0000000100000000)
  eden space 365056K, 19% used [0x00000000e0000000,0x00000000e4521af8,0x00000000f6480000)
  from space 26112K, 30% used [0x00000000f8500000,0x00000000f8cce7a0,0x00000000f9e80000)
  to   space 29696K, 0% used [0x00000000f6480000,0x00000000f6480000,0x00000000f8180000)
 ParOldGen       total 250880K, used 74155K [0x00000000a0000000, 0x00000000af500000, 0x00000000e0000000)
  object space 250880K, 29% used [0x00000000a0000000,0x00000000a486acc8,0x00000000af500000)
 Metaspace       used 94196K, capacity 100476K, committed 100736K, reserved 1136640K
  class space    used 11856K, capacity 13035K, committed 13184K, reserved 1048576K

Card table byte_map: [0x0000000011a00000,0x0000000011d10000] byte_map_base: 0x0000000011500000

Marking Bits: (ParMarkBitMap*) 0x000000005bb64970
 Begin Bits: [0x0000000012310000, 0x0000000013b10000)
 End Bits:   [0x0000000013b10000, 0x0000000015310000)

Polling page: 0x0000000000840000

CodeCache: size=245760Kb used=70794Kb max_used=70823Kb free=174965Kb
 bounds [0x0000000002640000, 0x0000000006bf0000, 0x0000000011640000]
 total_blobs=20584 nmethods=19689 adapters=805
 compilation: enabled

Compilation events (10 events):
Event: 3979.662 Thread 0x0000000015fae800 25707       4       com.android.ide.common.res2.ResourceFile::addExtraAttributes (33 bytes)
Event: 3979.662 Thread 0x0000000015fb8800 25708       4       com.android.ide.common.res2.DataSet::appendToXml (374 bytes)
Event: 3979.672 Thread 0x0000000015fae800 nmethod 25707 0x000000000607f7d0 code [0x000000000607f980, 0x0000000006080048]
Event: 3979.672 Thread 0x0000000015fae800 25709       4       java.lang.Long::toString (52 bytes)
Event: 3979.675 Thread 0x0000000015fae800 nmethod 25709 0x0000000006b83f90 code [0x0000000006b84100, 0x0000000006b844d8]
Event: 3979.815 Thread 0x0000000015fae800 25710       4       org.gradle.api.internal.changedetection.rules.InputFilesTaskStateChanges::getSnapshot (7 bytes)
Event: 3979.816 Thread 0x0000000015fae800 nmethod 25710 0x0000000006729b90 code [0x0000000006729ce0, 0x0000000006729d78]
Event: 3980.006 Thread 0x0000000015fbd000 25711       1       com.android.build.gradle.internal.scope.SplitList$Record::access$300 (5 bytes)
Event: 3980.006 Thread 0x0000000015fbd000 nmethod 25711 0x00000000038b3790 code [0x00000000038b38e0, 0x00000000038b39d0]
Event: 3980.326 Thread 0x0000000015fae800 25712       4       com.android.build.gradle.internal.LoggerWrapper::log (53 bytes)

GC Heap History (10 events):
Event: 3147.884 GC heap before
{Heap before GC invocations=48 (full 4):
 PSYoungGen      total 348672K, used 348150K [0x00000000e0000000, 0x00000000f8e00000, 0x0000000100000000)
  eden space 337920K, 99% used [0x00000000e0000000,0x00000000f49ead88,0x00000000f4a00000)
  from space 10752K, 95% used [0x00000000f4c80000,0x00000000f5692cc0,0x00000000f5700000)
  to   space 34816K, 0% used [0x00000000f6c00000,0x00000000f6c00000,0x00000000f8e00000)
 ParOldGen       total 250880K, used 74115K [0x00000000a0000000, 0x00000000af500000, 0x00000000e0000000)
  object space 250880K, 29% used [0x00000000a0000000,0x00000000a4860cc8,0x00000000af500000)
 Metaspace       used 93586K, capacity 99660K, committed 99968K, reserved 1136640K
  class space    used 11822K, capacity 12975K, committed 13184K, reserved 1048576K
Event: 3147.900 GC heap after
Heap after GC invocations=48 (full 4):
 PSYoungGen      total 374272K, used 14391K [0x00000000e0000000, 0x00000000f9f80000, 0x0000000100000000)
  eden space 339456K, 0% used [0x00000000e0000000,0x00000000e0000000,0x00000000f4b80000)
  from space 34816K, 41% used [0x00000000f6c00000,0x00000000f7a0dd38,0x00000000f8e00000)
  to   space 33280K, 0% used [0x00000000f4b80000,0x00000000f4b80000,0x00000000f6c00000)
 ParOldGen       total 250880K, used 74123K [0x00000000a0000000, 0x00000000af500000, 0x00000000e0000000)
  object space 250880K, 29% used [0x00000000a0000000,0x00000000a4862cc8,0x00000000af500000)
 Metaspace       used 93586K, capacity 99660K, committed 99968K, reserved 1136640K
  class space    used 11822K, capacity 12975K, committed 13184K, reserved 1048576K
}
Event: 3432.239 GC heap before
{Heap before GC invocations=49 (full 4):
 PSYoungGen      total 374272K, used 353847K [0x00000000e0000000, 0x00000000f9f80000, 0x0000000100000000)
  eden space 339456K, 100% used [0x00000000e0000000,0x00000000f4b80000,0x00000000f4b80000)
  from space 34816K, 41% used [0x00000000f6c00000,0x00000000f7a0dd38,0x00000000f8e00000)
  to   space 33280K, 0% used [0x00000000f4b80000,0x00000000f4b80000,0x00000000f6c00000)
 ParOldGen       total 250880K, used 74123K [0x00000000a0000000, 0x00000000af500000, 0x00000000e0000000)
  object space 250880K, 29% used [0x00000000a0000000,0x00000000a4862cc8,0x00000000af500000)
 Metaspace       used 93807K, capacity 100058K, committed 100480K, reserved 1136640K
  class space    used 11841K, capacity 13008K, committed 13184K, reserved 1048576K
Event: 3432.249 GC heap after
Heap after GC invocations=49 (full 4):
 PSYoungGen      total 372736K, used 7672K [0x00000000e0000000, 0x00000000f9c80000, 0x0000000100000000)
  eden space 339456K, 0% used [0x00000000e0000000,0x00000000e0000000,0x00000000f4b80000)
  from space 33280K, 23% used [0x00000000f4b80000,0x00000000f52fe390,0x00000000f6c00000)
  to   space 32768K, 0% used [0x00000000f7c80000,0x00000000f7c80000,0x00000000f9c80000)
 ParOldGen       total 250880K, used 74131K [0x00000000a0000000, 0x00000000af500000, 0x00000000e0000000)
  object space 250880K, 29% used [0x00000000a0000000,0x00000000a4864cc8,0x00000000af500000)
 Metaspace       used 93807K, capacity 100058K, committed 100480K, reserved 1136640K
  class space    used 11841K, capacity 13008K, committed 13184K, reserved 1048576K
}
Event: 3823.922 GC heap before
{Heap before GC invocations=50 (full 4):
 PSYoungGen      total 372736K, used 347128K [0x00000000e0000000, 0x00000000f9c80000, 0x0000000100000000)
  eden space 339456K, 100% used [0x00000000e0000000,0x00000000f4b80000,0x00000000f4b80000)
  from space 33280K, 23% used [0x00000000f4b80000,0x00000000f52fe390,0x00000000f6c00000)
  to   space 32768K, 0% used [0x00000000f7c80000,0x00000000f7c80000,0x00000000f9c80000)
 ParOldGen       total 250880K, used 74131K [0x00000000a0000000, 0x00000000af500000, 0x00000000e0000000)
  object space 250880K, 29% used [0x00000000a0000000,0x00000000a4864cc8,0x00000000af500000)
 Metaspace       used 94043K, capacity 100300K, committed 100736K, reserved 1136640K
  class space    used 11851K, capacity 13027K, committed 13184K, reserved 1048576K
Event: 3823.933 GC heap after
Heap after GC invocations=50 (full 4):
 PSYoungGen      total 380416K, used 11321K [0x00000000e0000000, 0x00000000f9700000, 0x0000000100000000)
  eden space 353280K, 0% used [0x00000000e0000000,0x00000000e0000000,0x00000000f5900000)
  from space 27136K, 41% used [0x00000000f7c80000,0x00000000f878e7a0,0x00000000f9700000)
  to   space 31744K, 0% used [0x00000000f5900000,0x00000000f5900000,0x00000000f7800000)
 ParOldGen       total 250880K, used 74139K [0x00000000a0000000, 0x00000000af500000, 0x00000000e0000000)
  object space 250880K, 29% used [0x00000000a0000000,0x00000000a4866cc8,0x00000000af500000)
 Metaspace       used 94043K, capacity 100300K, committed 100736K, reserved 1136640K
  class space    used 11851K, capacity 13027K, committed 13184K, reserved 1048576K
}
Event: 3886.047 GC heap before
{Heap before GC invocations=51 (full 4):
 PSYoungGen      total 380416K, used 364384K [0x00000000e0000000, 0x00000000f9700000, 0x0000000100000000)
  eden space 353280K, 99% used [0x00000000e0000000,0x00000000f58c9bd8,0x00000000f5900000)
  from space 27136K, 41% used [0x00000000f7c80000,0x00000000f878e7a0,0x00000000f9700000)
  to   space 31744K, 0% used [0x00000000f5900000,0x00000000f5900000,0x00000000f7800000)
 ParOldGen       total 250880K, used 74139K [0x00000000a0000000, 0x00000000af500000, 0x00000000e0000000)
  object space 250880K, 29% used [0x00000000a0000000,0x00000000a4866cc8,0x00000000af500000)
 Metaspace       used 94093K, capacity 100364K, committed 100736K, reserved 1136640K
  class space    used 11851K, capacity 13027K, committed 13184K, reserved 1048576K
Event: 3886.180 GC heap after
Heap after GC invocations=51 (full 4):
 PSYoungGen      total 385024K, used 15908K [0x00000000e0000000, 0x00000000fa280000, 0x0000000100000000)
  eden space 353280K, 0% used [0x00000000e0000000,0x00000000e0000000,0x00000000f5900000)
  from space 31744K, 50% used [0x00000000f5900000,0x00000000f68893e8,0x00000000f7800000)
  to   space 30208K, 0% used [0x00000000f8500000,0x00000000f8500000,0x00000000fa280000)
 ParOldGen       total 250880K, used 74147K [0x00000000a0000000, 0x00000000af500000, 0x00000000e0000000)
  object space 250880K, 29% used [0x00000000a0000000,0x00000000a4868cc8,0x00000000af500000)
 Metaspace       used 94093K, capacity 100364K, committed 100736K, reserved 1136640K
  class space    used 11851K, capacity 13027K, committed 13184K, reserved 1048576K
}
Event: 3978.159 GC heap before
{Heap before GC invocations=52 (full 4):
 PSYoungGen      total 385024K, used 369188K [0x00000000e0000000, 0x00000000fa280000, 0x0000000100000000)
  eden space 353280K, 100% used [0x00000000e0000000,0x00000000f5900000,0x00000000f5900000)
  from space 31744K, 50% used [0x00000000f5900000,0x00000000f68893e8,0x00000000f7800000)
  to   space 30208K, 0% used [0x00000000f8500000,0x00000000f8500000,0x00000000fa280000)
 ParOldGen       total 250880K, used 74147K [0x00000000a0000000, 0x00000000af500000, 0x00000000e0000000)
  object space 250880K, 29% used [0x00000000a0000000,0x00000000a4868cc8,0x00000000af500000)
 Metaspace       used 94182K, capacity 100476K, committed 100736K, reserved 1136640K
  class space    used 11856K, capacity 13035K, committed 13184K, reserved 1048576K
Event: 3978.179 GC heap after
Heap after GC invocations=52 (full 4):
 PSYoungGen      total 391168K, used 7993K [0x00000000e0000000, 0x00000000f9e80000, 0x0000000100000000)
  eden space 365056K, 0% used [0x00000000e0000000,0x00000000e0000000,0x00000000f6480000)
  from space 26112K, 30% used [0x00000000f8500000,0x00000000f8cce7a0,0x00000000f9e80000)
  to   space 29696K, 0% used [0x00000000f6480000,0x00000000f6480000,0x00000000f8180000)
 ParOldGen       total 250880K, used 74155K [0x00000000a0000000, 0x00000000af500000, 0x00000000e0000000)
  object space 250880K, 29% used [0x00000000a0000000,0x00000000a486acc8,0x00000000af500000)
 Metaspace       used 94182K, capacity 100476K, committed 100736K, reserved 1136640K
  class space    used 11856K, capacity 13035K, committed 13184K, reserved 1048576K
}

Deoptimization events (10 events):
Event: 3147.614 Thread 0x00000000196af800 Uncommon trap: reason=predicate action=maybe_recompile pc=0x0000000003019cbc method=org.gradle.api.internal.OverlappingOutputs.detect(Ljava/lang/String;Lorg/gradle/api/internal/changedetection/state/FileCollectionSnapshot;Lorg/gradle/api/internal/changede
Event: 3147.828 Thread 0x000000001d93b800 Uncommon trap: reason=unstable_if action=reinterpret pc=0x0000000002c13ab4 method=java.lang.ref.SoftReference.get()Ljava/lang/Object; @ 6
Event: 3148.054 Thread 0x000000001d93b800 Uncommon trap: reason=bimorphic action=maybe_recompile pc=0x0000000005fae474 method=com.google.common.collect.Sets.hashCodeImpl(Ljava/util/Set;)I @ 31
Event: 3148.058 Thread 0x000000001d93b800 Uncommon trap: reason=bimorphic action=maybe_recompile pc=0x0000000005fae474 method=com.google.common.collect.Sets.hashCodeImpl(Ljava/util/Set;)I @ 31
Event: 3361.930 Thread 0x00000000196b8800 Uncommon trap: reason=class_check action=maybe_recompile pc=0x000000000630acec method=com.google.common.collect.TransformedIterator.<init>(Ljava/util/Iterator;)V @ 9
Event: 3361.930 Thread 0x00000000196b8800 Uncommon trap: reason=class_check action=maybe_recompile pc=0x000000000630acec method=com.google.common.collect.TransformedIterator.<init>(Ljava/util/Iterator;)V @ 9
Event: 3362.929 Thread 0x00000000196b0000 Uncommon trap: reason=unstable_if action=reinterpret pc=0x00000000057b3c5c method=java.io.WinNTFileSystem.prefixLength(Ljava/lang/String;)I @ 11
Event: 3824.382 Thread 0x00000000196ae800 Uncommon trap: reason=null_check action=make_not_entrant pc=0x00000000069aee28 method=com.google.gson.internal.Excluder.isAnonymousOrLocal(Ljava/lang/Class;)Z @ 3
Event: 3881.007 Thread 0x000000001c860800 Uncommon trap: reason=unstable_if action=reinterpret pc=0x0000000003bc6b38 method=org.gradle.internal.logging.sink.OutputEventRenderer.onOutput(Lorg/gradle/internal/logging/events/OutputEvent;)V @ 24
Event: 3980.325 Thread 0x0000000023b45000 Uncommon trap: reason=class_check action=maybe_recompile pc=0x00000000059070fc method=com.google.common.base.Joiner.toString(Ljava/lang/Object;)Ljava/lang/CharSequence; @ 6

Classes redefined (0 events):
No events

Internal exceptions (10 events):
Event: 3881.328 Thread 0x0000000023b41800 Exception <a 'sun/nio/fs/WindowsException'> (0x00000000e9b8ff98) thrown at [D:\src\AOSP-openjdk-cygwin\jdk8u\hotspot\src\share\vm\prims\jni.cpp, line 709]
Event: 3887.325 Thread 0x0000000023b3f000 Exception <a 'sun/nio/fs/WindowsException'> (0x00000000f15cb7b0) thrown at [D:\src\AOSP-openjdk-cygwin\jdk8u\hotspot\src\share\vm\prims\jni.cpp, line 709]
Event: 3887.441 Thread 0x0000000023b44800 Exception <a 'sun/nio/fs/WindowsException'> (0x00000000f224c9c0) thrown at [D:\src\AOSP-openjdk-cygwin\jdk8u\hotspot\src\share\vm\prims\jni.cpp, line 709]
Event: 3887.691 Thread 0x0000000023b3f000 Exception <a 'sun/nio/fs/WindowsException'> (0x00000000f28b29f0) thrown at [D:\src\AOSP-openjdk-cygwin\jdk8u\hotspot\src\share\vm\prims\jni.cpp, line 709]
Event: 3887.720 Thread 0x0000000023b43800 Exception <a 'sun/nio/fs/WindowsException'> (0x00000000f31b2b30) thrown at [D:\src\AOSP-openjdk-cygwin\jdk8u\hotspot\src\share\vm\prims\jni.cpp, line 709]
Event: 3961.010 Thread 0x000000001c85f000 Exception <a 'sun/nio/fs/WindowsException'> (0x00000000f4289c38) thrown at [D:\src\AOSP-openjdk-cygwin\jdk8u\hotspot\src\share\vm\prims\jni.cpp, line 709]
Event: 3977.912 Thread 0x000000001d937000 Exception <a 'sun/nio/fs/WindowsException'> (0x00000000f4cd7f38) thrown at [D:\src\AOSP-openjdk-cygwin\jdk8u\hotspot\src\share\vm\prims\jni.cpp, line 709]
Event: 3977.937 Thread 0x000000001d937000 Exception <a 'sun/nio/fs/WindowsException'> (0x00000000f4ce40a8) thrown at [D:\src\AOSP-openjdk-cygwin\jdk8u\hotspot\src\share\vm\prims\jni.cpp, line 709]
Event: 3978.030 Thread 0x000000001d937000 Exception <a 'sun/nio/fs/WindowsException'> (0x00000000f54f7b78) thrown at [D:\src\AOSP-openjdk-cygwin\jdk8u\hotspot\src\share\vm\prims\jni.cpp, line 709]
Event: 3980.325 Thread 0x0000000023b45000 Exception <a 'sun/nio/fs/WindowsException'> (0x00000000e424ece8) thrown at [D:\src\AOSP-openjdk-cygwin\jdk8u\hotspot\src\share\vm\prims\jni.cpp, line 709]

Events (10 events):
Event: 3980.025 Thread 0x00000000196ae800 Thread added: 0x00000000196ae800
Event: 3980.200 Thread 0x00000000196b0000 Thread added: 0x00000000196b0000
Event: 3980.200 Thread 0x00000000196b7800 Thread added: 0x00000000196b7800
Event: 3980.324 Executing VM operation: RevokeBias
Event: 3980.324 Executing VM operation: RevokeBias done
Event: 3980.325 Thread 0x0000000023b45000 Uncommon trap: trap_request=0xffffffde fr.pc=0x00000000059070fc
Event: 3980.325 Thread 0x0000000023b45000 DEOPT PACKING pc=0x00000000059070fc sp=0x0000000079aded50
Event: 3980.325 Thread 0x0000000023b45000 DEOPT UNPACKING pc=0x000000000268557b sp=0x0000000079adec98 mode 2
Event: 3980.327 loading class com/google/common/util/concurrent/AbstractFuture$Failure$1
Event: 3980.327 loading class com/google/common/util/concurrent/AbstractFuture$Failure$1 done


Dynamic libraries:
0x00007ff6e9fc0000 - 0x00007ff6e9ff1000 	C:\Program Files\Android\Android Studio\jre\bin\java.exe
0x00007ffafdf50000 - 0x00007ffafe131000 	C:\WINDOWS\SYSTEM32\ntdll.dll
0x00007ffac1040000 - 0x00007ffac1052000 	C:\Program Files\AVAST Software\Avast\aswhook.dll
0x00007ffafd190000 - 0x00007ffafd242000 	C:\WINDOWS\System32\KERNEL32.DLL
0x00007ffafadf0000 - 0x00007ffafb063000 	C:\WINDOWS\System32\KERNELBASE.dll
0x00007ffafd870000 - 0x00007ffafd911000 	C:\WINDOWS\System32\ADVAPI32.dll
0x00007ffafd750000 - 0x00007ffafd7ee000 	C:\WINDOWS\System32\msvcrt.dll
0x00007ffafb710000 - 0x00007ffafb76b000 	C:\WINDOWS\System32\sechost.dll
0x00007ffafbb70000 - 0x00007ffafbc94000 	C:\WINDOWS\System32\RPCRT4.dll
0x00007ffafb4b0000 - 0x00007ffafb640000 	C:\WINDOWS\System32\USER32.dll
0x00007ffafb110000 - 0x00007ffafb130000 	C:\WINDOWS\System32\win32u.dll
0x00007ffafb940000 - 0x00007ffafb968000 	C:\WINDOWS\System32\GDI32.dll
0x00007ffafb1e0000 - 0x00007ffafb372000 	C:\WINDOWS\System32\gdi32full.dll
0x00007ffafb070000 - 0x00007ffafb10f000 	C:\WINDOWS\System32\msvcp_win.dll
0x00007ffafacf0000 - 0x00007ffafadea000 	C:\WINDOWS\System32\ucrtbase.dll
0x00007ffae6a80000 - 0x00007ffae6ce9000 	C:\WINDOWS\WinSxS\amd64_microsoft.windows.common-controls_6595b64144ccf1df_6.0.17134.523_none_fb409dd930672a56\COMCTL32.dll
0x00007ffafd920000 - 0x00007ffafdc42000 	C:\WINDOWS\System32\combase.dll
0x00007ffafaa30000 - 0x00007ffafaaaa000 	C:\WINDOWS\System32\bcryptPrimitives.dll
0x00007ffafdee0000 - 0x00007ffafdf0d000 	C:\WINDOWS\System32\IMM32.DLL
0x000000005b2c0000 - 0x000000005b392000 	C:\Program Files\Android\Android Studio\jre\jre\bin\msvcr100.dll
0x000000005b3a0000 - 0x000000005bbdf000 	C:\Program Files\Android\Android Studio\jre\jre\bin\server\jvm.dll
0x00007ffafbca0000 - 0x00007ffafbca8000 	C:\WINDOWS\System32\PSAPI.DLL
0x00007ffae9b20000 - 0x00007ffae9b29000 	C:\WINDOWS\SYSTEM32\WSOCK32.dll
0x00007ffafb770000 - 0x00007ffafb7dc000 	C:\WINDOWS\System32\WS2_32.dll
0x00007ffaf5c60000 - 0x00007ffaf5c83000 	C:\WINDOWS\SYSTEM32\WINMM.dll
0x00007ffaf2d90000 - 0x00007ffaf2d9a000 	C:\WINDOWS\SYSTEM32\VERSION.dll
0x00007ffaf5b50000 - 0x00007ffaf5b7a000 	C:\WINDOWS\SYSTEM32\WINMMBASE.dll
0x00007ffafaca0000 - 0x00007ffaface9000 	C:\WINDOWS\System32\cfgmgr32.dll
0x00007ffaf5d30000 - 0x00007ffaf5d3f000 	C:\Program Files\Android\Android Studio\jre\jre\bin\verify.dll
0x00007ffaef730000 - 0x00007ffaef759000 	C:\Program Files\Android\Android Studio\jre\jre\bin\java.dll
0x00007ffaf0b00000 - 0x00007ffaf0b16000 	C:\Program Files\Android\Android Studio\jre\jre\bin\zip.dll
0x00007ffafbd50000 - 0x00007ffafd190000 	C:\WINDOWS\System32\SHELL32.dll
0x00007ffafd250000 - 0x00007ffafd2f9000 	C:\WINDOWS\System32\shcore.dll
0x00007ffafa320000 - 0x00007ffafaa2d000 	C:\WINDOWS\System32\windows.storage.dll
0x00007ffafb6b0000 - 0x00007ffafb701000 	C:\WINDOWS\System32\shlwapi.dll
0x00007ffafa290000 - 0x00007ffafa2a1000 	C:\WINDOWS\System32\kernel.appcore.dll
0x00007ffafa270000 - 0x00007ffafa28f000 	C:\WINDOWS\System32\profapi.dll
0x00007ffafa2b0000 - 0x00007ffafa2fc000 	C:\WINDOWS\System32\powrprof.dll
0x00007ffafa260000 - 0x00007ffafa26a000 	C:\WINDOWS\System32\FLTLIB.DLL
0x00007ffaef650000 - 0x00007ffaef66a000 	C:\Program Files\Android\Android Studio\jre\jre\bin\net.dll
0x00007ffaf9a80000 - 0x00007ffaf9ae6000 	C:\WINDOWS\system32\mswsock.dll
0x00007ffaeeb90000 - 0x00007ffaeeba1000 	C:\Program Files\Android\Android Studio\jre\jre\bin\nio.dll
0x00007ffaf7730000 - 0x00007ffaf774e000 	C:\Users\USER\.gradle\native\25\windows-amd64\native-platform.dll
0x00007ffaf09f0000 - 0x00007ffaf09fd000 	C:\Program Files\Android\Android Studio\jre\jre\bin\management.dll
0x00007ffaf9c30000 - 0x00007ffaf9c47000 	C:\WINDOWS\SYSTEM32\CRYPTSP.dll
0x00007ffaf9660000 - 0x00007ffaf9693000 	C:\WINDOWS\system32\rsaenh.dll
0x00007ffaf9d60000 - 0x00007ffaf9d85000 	C:\WINDOWS\SYSTEM32\bcrypt.dll
0x00007ffafa160000 - 0x00007ffafa188000 	C:\WINDOWS\SYSTEM32\USERENV.dll
0x00007ffaf9c50000 - 0x00007ffaf9c5b000 	C:\WINDOWS\SYSTEM32\CRYPTBASE.dll
0x00007ffaf9800000 - 0x00007ffaf9838000 	C:\WINDOWS\SYSTEM32\IPHLPAPI.DLL
0x00007ffafb640000 - 0x00007ffafb648000 	C:\WINDOWS\System32\NSI.dll
0x00007ffaf2ce0000 - 0x00007ffaf2cf6000 	C:\WINDOWS\SYSTEM32\dhcpcsvc6.DLL
0x00007ffaf2cc0000 - 0x00007ffaf2cda000 	C:\WINDOWS\SYSTEM32\dhcpcsvc.DLL
0x00007ffae87e0000 - 0x00007ffae8804000 	C:\Program Files\Android\Android Studio\jre\jre\bin\sunec.dll
0x00007ffaf9840000 - 0x00007ffaf98fe000 	C:\WINDOWS\SYSTEM32\DNSAPI.dll
0x00007ffaefa80000 - 0x00007ffaefa8a000 	C:\Windows\System32\rasadhlp.dll
0x00007ffaf0b90000 - 0x00007ffaf0c02000 	C:\WINDOWS\System32\fwpuclnt.dll
0x00007ffaf7830000 - 0x00007ffaf783b000 	C:\Program Files\Android\Android Studio\jre\jre\bin\sunmscapi.dll
0x00007ffafaab0000 - 0x00007ffafac92000 	C:\WINDOWS\System32\CRYPT32.dll
0x00007ffafa300000 - 0x00007ffafa312000 	C:\WINDOWS\System32\MSASN1.dll
0x00007ffaf9350000 - 0x00007ffaf9381000 	C:\WINDOWS\SYSTEM32\ntmarta.dll

VM Arguments:
jvm_args: -Xmx1536m -Dfile.encoding=windows-1252 -Duser.country=US -Duser.language=en -Duser.variant 
java_command: org.gradle.launcher.daemon.bootstrap.GradleDaemon 4.4
java_class_path (initial): C:\Users\USER\.gradle\wrapper\dists\gradle-4.4-all\9br9xq1tocpiv8o6njlyu5op1\gradle-4.4\lib\gradle-launcher-4.4.jar
Launcher Type: SUN_STANDARD

Environment Variables:
PATH=C:\Program Files\Common Files\Siemens\Automation\Simatic OAM\bin;C:\Program Files (x86)\Common Files\Oracle\Java\javapath;C:\Program Files (x86)\Intel\iCLS Client\;C:\Program Files\Intel\iCLS Client\;C:\ProgramData\Oracle\Java\javapath;C:\Windows\system32;C:\Windows;C:\Windows\System32\Wbem;C:\Windows\System32\WindowsPowerShell\v1.0\;C:\Program Files (x86)\Intel\Intel(R) Management Engine Components\DAL;C:\Program Files\Intel\Intel(R) Management Engine Components\DAL;C:\Program Files (x86)\Intel\Intel(R) Management Engine Components\IPT;C:\Program Files\Intel\Intel(R) Management Engine Components\IPT;C:\Program Files (x86)\NVIDIA Corporation\PhysX\Common;C:\Program Files (x86)\Skype\Phone\;C:\WINDOWS\system32;C:\WINDOWS;C:\WINDOWS\System32\Wbem;C:\WINDOWS\System32\WindowsPowerShell\v1.0\;C:\WINDOWS\System32\OpenSSH\;C:\Program Files\PuTTY\;D:\Microsoft VS Code\bin;C:\Program Files (x86)\Microsoft SQL Server\Client SDK\ODBC\110\Tools\Binn\;C:\Program Files (x86)\Microsoft SQL Server\120\Tools\Binn\;C:\Program Files (x86)\Microsoft SQL Server\120\DTS\Binn\;C:\Program Files (x86)\Common Files\Siemens\;C:\Program Files (x86)\Common Files\Siemens\Interfaces;C:\Program Files (x86)\Common Files\Siemens\ACE\Interfaces;C:\Users\USER\AppData\Local\Microsoft\WindowsApps;C:\Users\USER\AppData\Local\GitHubDesktop\bin;C:\adb\;
USERNAME=USER
OS=Windows_NT
PROCESSOR_IDENTIFIER=Intel64 Family 6 Model 158 Stepping 9, GenuineIntel



---------------  S Y S T E M  ---------------

OS: Windows 10.0 , 64 bit Build 17134 (10.0.17134.1)

CPU:total 4 (initial active 4) (4 cores per cpu, 1 threads per core) family 6 model 158 stepping 9, cmov, cx8, fxsr, mmx, sse, sse2, sse3, ssse3, sse4.1, sse4.2, popcnt, avx, avx2, aes, clmul, erms, 3dnowpref, lzcnt, tsc, tscinvbit, bmi1, bmi2, adx

Memory: 4k page, physical 8269412k(697244k free), swap 12463716k(14348k free)

vm_info: OpenJDK 64-Bit Server VM (25.152-b02) for windows-amd64 JRE (1.8.0_152-release-1024-b02), built by "builder" with MS VC++ 10.0 (VS2010)

time: Tue Feb 19 16:48:57 2019
elapsed time: 3980 seconds (0d 1h 6m 20s)

